#
# There is insufficient memory for the Java Runtime Environment to continue.
# Native memory allocation (malloc) failed to allocate 32744 bytes for ChunkPool::allocate
# Possible reasons:
#   The system is out of physical RAM or swap space
#   The process is running with CompressedOops enabled, and the Java Heap may be blocking the growth of the native heap
# Possible solutions:
#   Reduce memory load on the system
#   Increase physical memory or swap space
#   Check if swap backing store is full
#   Decrease Java heap size (-Xmx/-Xms)
#   Decrease number of Java threads
#   Decrease Java thread stack sizes (-Xss)
#   Set larger code cache with -XX:ReservedCodeCacheSize=
#   JVM is running with Zero Based Compressed Oops mode in which the Java heap is
#     placed in the first 32GB address space. The Java Heap base address is the
#     maximum limit for the native heap growth. Please use -XX:HeapBaseMinAddress
#     to set the Java Heap base and to place the Java Heap above 32GB virtual address.
# This output file may be truncated or incomplete.
#
#  Out of Memory Error (arena.cpp:78), pid=40120, tid=28844
#
# JRE version: Java(TM) SE Runtime Environment (17.0.12+8) (build 17.0.12+8-LTS-286)
# Java VM: Java HotSpot(TM) 64-Bit Server VM (17.0.12+8-LTS-286, mixed mode, sharing, tiered, compressed oops, compressed class ptrs, g1 gc, windows-amd64)
# No core dump will be written. Minidumps are not enabled by default on client versions of Windows
#

---------------  S U M M A R Y ------------

Command Line: -javaagent:C:\Program Files\JetBrains\IntelliJ IDEA Community Edition 2024.3.1\lib\idea_rt.jar=54394 -Dfile.encoding=UTF-8 com.gogo.payment_service.PaymentServiceApplication

Host: 12th Gen Intel(R) Core(TM) i7-1255U, 12 cores, 15G,  Windows 11 , 64 bit Build 26100 (10.0.26100.3037)
Time: Tue Mar 11 12:19:55 2025 Est (heure d, 64 bit Build 26100 (10.0.26100.3037) elapsed time: 330.988596 seconds (0d 0h 5m 30s)

---------------  T H R E A D  ---------------

Current thread (0x000001c791024560):  JavaThread "C1 CompilerThread0" daemon [_thread_in_native, id=28844, stack(0x000000a741a00000,0x000000a741b00000)]


Current CompileTask:
C1: 330988 10952       1       org.apache.kafka.common.message.MetadataResponseData$MetadataResponseTopic::next (5 bytes)

Stack: [0x000000a741a00000,0x000000a741b00000]
Native frames: (J=compiled Java code, j=interpreted, Vv=VM code, C=native code)
V  [jvm.dll+0x67a04a]
V  [jvm.dll+0x7da4ed]
V  [jvm.dll+0x7dbe33]
V  [jvm.dll+0x7dc4a3]
V  [jvm.dll+0x24508f]
V  [jvm.dll+0xab9a4]
V  [jvm.dll+0xabd3c]
V  [jvm.dll+0x1779ae]
V  [jvm.dll+0x179cc1]
V  [jvm.dll+0x135633]
V  [jvm.dll+0x134eff]
V  [jvm.dll+0x135148]
V  [jvm.dll+0x1345d1]
V  [jvm.dll+0x1362bd]
V  [jvm.dll+0x22610b]
V  [jvm.dll+0x2242ab]
V  [jvm.dll+0x79075c]
V  [jvm.dll+0x78abea]
V  [jvm.dll+0x678f35]
C  [ucrtbase.dll+0x37b0]
C  [KERNEL32.DLL+0x2e8d7]
C  [ntdll.dll+0xbbf2c]


---------------  P R O C E S S  ---------------

Threads class SMR info:
_java_thread_list=0x000001c792119840, length=49, elements={
0x000001c791009680, 0x000001c74be7b2f0, 0x000001c791017d00, 0x000001c79101a8d0,
0x000001c79101d9b0, 0x000001c79101e8d0, 0x000001c791022b90, 0x000001c791024560,
0x000001c79101ede0, 0x000001c79101f2f0, 0x000001c79101fd10, 0x000001c79101f800,
0x000001c79453b8e0, 0x000001c79453bdf0, 0x000001c79453cd20, 0x000001c79453c300,
0x000001c794539570, 0x000001c794539a80, 0x000001c79453c810, 0x000001c79453aec0,
0x000001c7945409e0, 0x000001c79453ffc0, 0x000001c7945404d0, 0x000001c79453f090,
0x000001c79453f5a0, 0x000001c794540ef0, 0x000001c79453eb80, 0x000001c79453fab0,
0x000001c791020c40, 0x000001c791020220, 0x000001c791021b70, 0x000001c791021150,
0x000001c791021660, 0x000001c7970ebec0, 0x000001c7970ed300, 0x000001c7970ea060,
0x000001c7970ed810, 0x000001c7970eb4a0, 0x000001c7970ea570, 0x000001c7970eaa80,
0x000001c7970eaf90, 0x000001c7970eb9b0, 0x000001c796212e30, 0x000001c7962160d0,
0x000001c796212920, 0x000001c796213850, 0x000001c796213d60, 0x000001c796214270,
0x000001c7962165e0
}

Java Threads: ( => current thread )
  0x000001c791009680 JavaThread "Reference Handler" daemon [_thread_blocked, id=7176, stack(0x000000a741300000,0x000000a741400000)]
  0x000001c74be7b2f0 JavaThread "Finalizer" daemon [_thread_blocked, id=36556, stack(0x000000a741400000,0x000000a741500000)]
  0x000001c791017d00 JavaThread "Signal Dispatcher" daemon [_thread_blocked, id=15056, stack(0x000000a741500000,0x000000a741600000)]
  0x000001c79101a8d0 JavaThread "Attach Listener" daemon [_thread_blocked, id=35416, stack(0x000000a741600000,0x000000a741700000)]
  0x000001c79101d9b0 JavaThread "Service Thread" daemon [_thread_blocked, id=9560, stack(0x000000a741700000,0x000000a741800000)]
  0x000001c79101e8d0 JavaThread "Monitor Deflation Thread" daemon [_thread_blocked, id=42200, stack(0x000000a741800000,0x000000a741900000)]
  0x000001c791022b90 JavaThread "C2 CompilerThread0" daemon [_thread_blocked, id=20376, stack(0x000000a741900000,0x000000a741a00000)]
=>0x000001c791024560 JavaThread "C1 CompilerThread0" daemon [_thread_in_native, id=28844, stack(0x000000a741a00000,0x000000a741b00000)]
  0x000001c79101ede0 JavaThread "Sweeper thread" daemon [_thread_blocked, id=34792, stack(0x000000a741b00000,0x000000a741c00000)]
  0x000001c79101f2f0 JavaThread "Common-Cleaner" daemon [_thread_blocked, id=23548, stack(0x000000a741c00000,0x000000a741d00000)]
  0x000001c79101fd10 JavaThread "Monitor Ctrl-Break" daemon [_thread_in_native, id=8936, stack(0x000000a741e00000,0x000000a741f00000)]
  0x000001c79101f800 JavaThread "Notification Thread" daemon [_thread_blocked, id=34580, stack(0x000000a741f00000,0x000000a742000000)]
  0x000001c79453b8e0 JavaThread "Catalina-utility-1" [_thread_blocked, id=43516, stack(0x000000a742c00000,0x000000a742d00000)]
  0x000001c79453bdf0 JavaThread "Catalina-utility-2" [_thread_blocked, id=34988, stack(0x000000a742d00000,0x000000a742e00000)]
  0x000001c79453cd20 JavaThread "container-0" [_thread_blocked, id=35276, stack(0x000000a743100000,0x000000a743200000)]
  0x000001c79453c300 JavaThread "mysql-cj-abandoned-connection-cleanup" daemon [_thread_blocked, id=12276, stack(0x000000a743200000,0x000000a743300000)]
  0x000001c794539570 JavaThread "HikariPool-1 housekeeper" daemon [_thread_blocked, id=32924, stack(0x000000a743300000,0x000000a743400000)]
  0x000001c794539a80 JavaThread "spectator-gauge-polling-0" daemon [_thread_blocked, id=38000, stack(0x000000a742e00000,0x000000a742f00000)]
  0x000001c79453c810 JavaThread "AsyncResolver-bootstrap-%d" daemon [_thread_blocked, id=35640, stack(0x000000a743600000,0x000000a743700000)]
  0x000001c79453aec0 JavaThread "DiscoveryClient-%d" daemon [_thread_blocked, id=35572, stack(0x000000a742b00000,0x000000a742c00000)]
  0x000001c7945409e0 JavaThread "DiscoveryClient-%d" daemon [_thread_blocked, id=26288, stack(0x000000a743700000,0x000000a743800000)]
  0x000001c79453ffc0 JavaThread "DiscoveryClient-InstanceInfoReplicator-%d" daemon [_thread_blocked, id=6712, stack(0x000000a743800000,0x000000a743900000)]
  0x000001c7945404d0 JavaThread "http-nio-8085-exec-1" daemon [_thread_blocked, id=41012, stack(0x000000a743b00000,0x000000a743c00000)]
  0x000001c79453f090 JavaThread "http-nio-8085-exec-2" daemon [_thread_blocked, id=16636, stack(0x000000a743c00000,0x000000a743d00000)]
  0x000001c79453f5a0 JavaThread "http-nio-8085-exec-3" daemon [_thread_blocked, id=27684, stack(0x000000a743d00000,0x000000a743e00000)]
  0x000001c794540ef0 JavaThread "http-nio-8085-exec-4" daemon [_thread_blocked, id=41048, stack(0x000000a743e00000,0x000000a743f00000)]
  0x000001c79453eb80 JavaThread "http-nio-8085-exec-5" daemon [_thread_blocked, id=16700, stack(0x000000a743f00000,0x000000a744000000)]
  0x000001c79453fab0 JavaThread "http-nio-8085-exec-6" daemon [_thread_blocked, id=15208, stack(0x000000a744000000,0x000000a744100000)]
  0x000001c791020c40 JavaThread "http-nio-8085-exec-7" daemon [_thread_blocked, id=15468, stack(0x000000a744100000,0x000000a744200000)]
  0x000001c791020220 JavaThread "http-nio-8085-exec-8" daemon [_thread_blocked, id=38996, stack(0x000000a744200000,0x000000a744300000)]
  0x000001c791021b70 JavaThread "http-nio-8085-exec-9" daemon [_thread_blocked, id=33152, stack(0x000000a744300000,0x000000a744400000)]
  0x000001c791021150 JavaThread "http-nio-8085-exec-10" daemon [_thread_blocked, id=10700, stack(0x000000a744400000,0x000000a744500000)]
  0x000001c791021660 JavaThread "http-nio-8085-Poller" daemon [_thread_in_native, id=26948, stack(0x000000a744500000,0x000000a744600000)]
  0x000001c7970ebec0 JavaThread "http-nio-8085-Acceptor" daemon [_thread_in_native, id=5644, stack(0x000000a744600000,0x000000a744700000)]
  0x000001c7970ed300 JavaThread "micrometer-kafka-metrics" daemon [_thread_blocked, id=22180, stack(0x000000a744900000,0x000000a744a00000)]
  0x000001c7970ea060 JavaThread "ThreadPoolTaskScheduler-1" [_thread_blocked, id=29004, stack(0x000000a744a00000,0x000000a744b00000)]
  0x000001c7970ed810 JavaThread "KafkaConsumerDestination{consumerDestinationName='springCloudBus', partitions=1, dlqName='null'}.container-0-C-1" [_thread_in_native, id=5116, stack(0x000000a744b00000,0x000000a744c00000)]
  0x000001c7970eb4a0 JavaThread "pool-3-thread-1" [_thread_blocked, id=14320, stack(0x000000a744c00000,0x000000a744d00000)]
  0x000001c7970ea570 JavaThread "kafka-coordinator-heartbeat-thread | anonymous.f0af8fcb-3b8b-4c0d-b36d-3c91e6727de4" daemon [_thread_blocked, id=1164, stack(0x000000a744d00000,0x000000a744e00000)]
  0x000001c7970eaa80 JavaThread "micrometer-kafka-metrics" daemon [_thread_blocked, id=36972, stack(0x000000a744e00000,0x000000a744f00000)]
  0x000001c7970eaf90 JavaThread "ThreadPoolTaskScheduler-1" [_thread_blocked, id=29352, stack(0x000000a744f00000,0x000000a745000000)]
  0x000001c7970eb9b0 JavaThread "org.springframework.kafka.KafkaListenerEndpointContainer#0-0-C-1" [_thread_in_native, id=27596, stack(0x000000a745000000,0x000000a745100000)]
  0x000001c796212e30 JavaThread "kafka-coordinator-heartbeat-thread | payment" daemon [_thread_blocked, id=18376, stack(0x000000a745100000,0x000000a745200000)]
  0x000001c7962160d0 JavaThread "DestroyJavaVM" [_thread_blocked, id=21956, stack(0x000000a740c00000,0x000000a740d00000)]
  0x000001c796212920 JavaThread "DiscoveryClient-CacheRefreshExecutor-%d" daemon [_thread_blocked, id=8216, stack(0x000000a745200000,0x000000a745300000)]
  0x000001c796213850 JavaThread "DiscoveryClient-HeartbeatExecutor-%d" daemon [_thread_blocked, id=30324, stack(0x000000a745300000,0x000000a745400000)]
  0x000001c796213d60 JavaThread "kafka-producer-network-thread | payment-service-producer-1" daemon [_thread_in_native, id=33432, stack(0x000000a740a00000,0x000000a740b00000)]
  0x000001c796214270 JavaThread "micrometer-kafka-metrics" daemon [_thread_blocked, id=25016, stack(0x000000a740b00000,0x000000a740c00000)]
  0x000001c7962165e0 JavaThread "AsyncResolver-bootstrap-executor-%d" daemon [_thread_blocked, id=3656, stack(0x000000a742a00000,0x000000a742b00000)]

Other Threads:
  0x000001c74be77b40 VMThread "VM Thread" [stack: 0x000000a741200000,0x000000a741300000] [id=15220]
  0x000001c72883eb10 WatcherThread [stack: 0x000000a742000000,0x000000a742100000] [id=12952]
  0x000001c7288238b0 GCTaskThread "GC Thread#0" [stack: 0x000000a740d00000,0x000000a740e00000] [id=34672]
  0x000001c791e2ac00 GCTaskThread "GC Thread#1" [stack: 0x000000a742200000,0x000000a742300000] [id=29904]
  0x000001c791e2aec0 GCTaskThread "GC Thread#2" [stack: 0x000000a742300000,0x000000a742400000] [id=28320]
  0x000001c792124af0 GCTaskThread "GC Thread#3" [stack: 0x000000a742400000,0x000000a742500000] [id=20884]
  0x000001c791cd34c0 GCTaskThread "GC Thread#4" [stack: 0x000000a742500000,0x000000a742600000] [id=1372]
  0x000001c791cd3780 GCTaskThread "GC Thread#5" [stack: 0x000000a742600000,0x000000a742700000] [id=17668]
  0x000001c7926c5890 GCTaskThread "GC Thread#6" [stack: 0x000000a742100000,0x000000a742200000] [id=2144]
  0x000001c7926c5b50 GCTaskThread "GC Thread#7" [stack: 0x000000a742700000,0x000000a742800000] [id=29720]
  0x000001c79286dd30 GCTaskThread "GC Thread#8" [stack: 0x000000a742800000,0x000000a742900000] [id=29664]
  0x000001c79286dff0 GCTaskThread "GC Thread#9" [stack: 0x000000a742900000,0x000000a742a00000] [id=4184]
  0x000001c728834f50 ConcurrentGCThread "G1 Main Marker" [stack: 0x000000a740e00000,0x000000a740f00000] [id=6740]
  0x000001c728837110 ConcurrentGCThread "G1 Conc#0" [stack: 0x000000a740f00000,0x000000a741000000] [id=12180]
  0x000001c794f79430 ConcurrentGCThread "G1 Conc#1" [stack: 0x000000a742f00000,0x000000a743000000] [id=8052]
  0x000001c793c783d0 ConcurrentGCThread "G1 Conc#2" [stack: 0x000000a743000000,0x000000a743100000] [id=27824]
  0x000001c72886ec50 ConcurrentGCThread "G1 Refine#0" [stack: 0x000000a741000000,0x000000a741100000] [id=42744]
  0x000001c794664670 ConcurrentGCThread "G1 Refine#1" [stack: 0x000000a743900000,0x000000a743a00000] [id=43220]
  0x000001c794664090 ConcurrentGCThread "G1 Refine#2" [stack: 0x000000a743a00000,0x000000a743b00000] [id=32500]
  0x000001c74bd2f980 ConcurrentGCThread "G1 Service" [stack: 0x000000a741100000,0x000000a741200000] [id=19524]

Threads with active compile tasks:
C1 CompilerThread0   332014 10952       1       org.apache.kafka.common.message.MetadataResponseData$MetadataResponseTopic::next (5 bytes)

VM state: not at safepoint (normal execution)

VM Mutex/Monitor currently owned by a thread: None

Heap address: 0x0000000705800000, size: 4008 MB, Compressed Oops mode: Zero based, Oop shift amount: 3

CDS archive(s) mapped at: [0x000001c74c000000-0x000001c74cbd0000-0x000001c74cbd0000), size 12386304, SharedBaseAddress: 0x000001c74c000000, ArchiveRelocationMode: 1.
Compressed class space mapped at: 0x000001c74d000000-0x000001c78d000000, reserved size: 1073741824
Narrow klass base: 0x000001c74c000000, Narrow klass shift: 0, Narrow klass range: 0x100000000

GC Precious Log:
 CPUs: 12 total, 12 available
 Memory: 16027M
 Large Page Support: Disabled
 NUMA Support: Disabled
 Compressed Oops: Enabled (Zero based)
 Heap Region Size: 2M
 Heap Min Capacity: 8M
 Heap Initial Capacity: 252M
 Heap Max Capacity: 4008M
 Pre-touch: Disabled
 Parallel Workers: 10
 Concurrent Workers: 3
 Concurrent Refinement Workers: 10
 Periodic GC: Disabled

Heap:
 garbage-first heap   total 425984K, used 116661K [0x0000000705800000, 0x0000000800000000)
  region size 2048K, 28 young (57344K), 2 survivors (4096K)
 Metaspace       used 111639K, committed 112384K, reserved 1179648K
  class space    used 15167K, committed 15552K, reserved 1048576K

Heap Regions: E=young(eden), S=young(survivor), O=old, HS=humongous(starts), HC=humongous(continues), CS=collection set, F=free, OA=open archive, CA=closed archive, TAMS=top-at-mark-start (previous, next)
|   0|0x0000000705800000, 0x0000000705a00000, 0x0000000705a00000|100%| O|  |TAMS 0x0000000705a00000, 0x0000000705800000| Untracked 
|   1|0x0000000705a00000, 0x0000000705c00000, 0x0000000705c00000|100%| O|  |TAMS 0x0000000705c00000, 0x0000000705a00000| Untracked 
|   2|0x0000000705c00000, 0x0000000705e00000, 0x0000000705e00000|100%| O|  |TAMS 0x0000000705e00000, 0x0000000705c00000| Untracked 
|   3|0x0000000705e00000, 0x0000000705e8a400, 0x0000000706000000| 27%| O|  |TAMS 0x0000000705e00000, 0x0000000705e00000| Untracked 
|   4|0x0000000706000000, 0x0000000706200000, 0x0000000706200000|100%| O|  |TAMS 0x0000000706200000, 0x0000000706000000| Untracked 
|   5|0x0000000706200000, 0x0000000706400000, 0x0000000706400000|100%| O|  |TAMS 0x0000000706400000, 0x0000000706200000| Untracked 
|   6|0x0000000706400000, 0x0000000706600000, 0x0000000706600000|100%| O|  |TAMS 0x0000000706600000, 0x0000000706400000| Untracked 
|   7|0x0000000706600000, 0x0000000706600000, 0x0000000706800000|  0%| F|  |TAMS 0x0000000706600000, 0x0000000706600000| Untracked 
|   8|0x0000000706800000, 0x0000000706a00000, 0x0000000706a00000|100%| O|  |TAMS 0x0000000706a00000, 0x0000000706800000| Untracked 
|   9|0x0000000706a00000, 0x0000000706c00000, 0x0000000706c00000|100%| O|  |TAMS 0x0000000706c00000, 0x0000000706a00000| Untracked 
|  10|0x0000000706c00000, 0x0000000706e00000, 0x0000000706e00000|100%| O|  |TAMS 0x0000000706e00000, 0x0000000706c00000| Untracked 
|  11|0x0000000706e00000, 0x0000000707000000, 0x0000000707000000|100%| O|  |TAMS 0x0000000707000000, 0x0000000706e00000| Untracked 
|  12|0x0000000707000000, 0x0000000707200000, 0x0000000707200000|100%| O|  |TAMS 0x0000000707200000, 0x0000000707000000| Untracked 
|  13|0x0000000707200000, 0x0000000707400000, 0x0000000707400000|100%| O|  |TAMS 0x0000000707400000, 0x0000000707200000| Untracked 
|  14|0x0000000707400000, 0x0000000707600000, 0x0000000707600000|100%| O|  |TAMS 0x0000000707600000, 0x0000000707400000| Untracked 
|  15|0x0000000707600000, 0x0000000707800000, 0x0000000707800000|100%| O|  |TAMS 0x0000000707800000, 0x0000000707600000| Untracked 
|  16|0x0000000707800000, 0x0000000707a00000, 0x0000000707a00000|100%| O|  |TAMS 0x0000000707a00000, 0x0000000707800000| Untracked 
|  17|0x0000000707a00000, 0x0000000707c00000, 0x0000000707c00000|100%| O|  |TAMS 0x0000000707c00000, 0x0000000707a00000| Untracked 
|  18|0x0000000707c00000, 0x0000000707e00000, 0x0000000707e00000|100%| O|  |TAMS 0x0000000707e00000, 0x0000000707c00000| Untracked 
|  19|0x0000000707e00000, 0x0000000708000000, 0x0000000708000000|100%| O|  |TAMS 0x0000000708000000, 0x0000000707e00000| Untracked 
|  20|0x0000000708000000, 0x0000000708200000, 0x0000000708200000|100%| O|  |TAMS 0x0000000708200000, 0x0000000708000000| Untracked 
|  21|0x0000000708200000, 0x0000000708400000, 0x0000000708400000|100%| O|  |TAMS 0x0000000708400000, 0x0000000708200000| Untracked 
|  22|0x0000000708400000, 0x0000000708600000, 0x0000000708600000|100%| O|  |TAMS 0x0000000708600000, 0x0000000708400000| Untracked 
|  23|0x0000000708600000, 0x0000000708800000, 0x0000000708800000|100%| O|  |TAMS 0x0000000708800000, 0x0000000708600000| Untracked 
|  24|0x0000000708800000, 0x0000000708a00000, 0x0000000708a00000|100%| O|  |TAMS 0x0000000708a00000, 0x0000000708800000| Untracked 
|  25|0x0000000708a00000, 0x0000000708a00000, 0x0000000708c00000|  0%| F|  |TAMS 0x0000000708a00000, 0x0000000708a00000| Untracked 
|  26|0x0000000708c00000, 0x0000000708e00000, 0x0000000708e00000|100%| O|  |TAMS 0x0000000708e00000, 0x0000000708c00000| Untracked 
|  27|0x0000000708e00000, 0x0000000709000000, 0x0000000709000000|100%| O|  |TAMS 0x0000000709000000, 0x0000000708e00000| Untracked 
|  28|0x0000000709000000, 0x0000000709200000, 0x0000000709200000|100%| O|  |TAMS 0x0000000709200000, 0x0000000709000000| Untracked 
|  29|0x0000000709200000, 0x0000000709400000, 0x0000000709400000|100%| O|  |TAMS 0x0000000709400000, 0x0000000709200000| Untracked 
|  30|0x0000000709400000, 0x0000000709600000, 0x0000000709600000|100%| O|  |TAMS 0x0000000709600000, 0x0000000709400000| Untracked 
|  31|0x0000000709600000, 0x0000000709800000, 0x0000000709800000|100%| O|  |TAMS 0x0000000709800000, 0x0000000709600000| Untracked 
|  32|0x0000000709800000, 0x0000000709a00000, 0x0000000709a00000|100%| O|  |TAMS 0x000000070993ec00, 0x0000000709800000| Untracked 
|  33|0x0000000709a00000, 0x0000000709a00000, 0x0000000709c00000|  0%| F|  |TAMS 0x0000000709a00000, 0x0000000709a00000| Untracked 
|  34|0x0000000709c00000, 0x0000000709c00000, 0x0000000709e00000|  0%| F|  |TAMS 0x0000000709c00000, 0x0000000709c00000| Untracked 
|  35|0x0000000709e00000, 0x0000000709e00000, 0x000000070a000000|  0%| F|  |TAMS 0x0000000709e00000, 0x0000000709e00000| Untracked 
|  36|0x000000070a000000, 0x000000070a000000, 0x000000070a200000|  0%| F|  |TAMS 0x000000070a000000, 0x000000070a000000| Untracked 
|  37|0x000000070a200000, 0x000000070a200000, 0x000000070a400000|  0%| F|  |TAMS 0x000000070a200000, 0x000000070a200000| Untracked 
|  38|0x000000070a400000, 0x000000070a400000, 0x000000070a600000|  0%| F|  |TAMS 0x000000070a400000, 0x000000070a400000| Untracked 
|  39|0x000000070a600000, 0x000000070a600000, 0x000000070a800000|  0%| F|  |TAMS 0x000000070a600000, 0x000000070a600000| Untracked 
|  40|0x000000070a800000, 0x000000070a800000, 0x000000070aa00000|  0%| F|  |TAMS 0x000000070a800000, 0x000000070a800000| Untracked 
|  41|0x000000070aa00000, 0x000000070aa00000, 0x000000070ac00000|  0%| F|  |TAMS 0x000000070aa00000, 0x000000070aa00000| Untracked 
|  42|0x000000070ac00000, 0x000000070ad63350, 0x000000070ae00000| 69%| S|CS|TAMS 0x000000070ac00000, 0x000000070ac00000| Complete 
|  43|0x000000070ae00000, 0x000000070b000000, 0x000000070b000000|100%| S|CS|TAMS 0x000000070ae00000, 0x000000070ae00000| Complete 
|  44|0x000000070b000000, 0x000000070b000000, 0x000000070b200000|  0%| F|  |TAMS 0x000000070b000000, 0x000000070b000000| Untracked 
|  45|0x000000070b200000, 0x000000070b200000, 0x000000070b400000|  0%| F|  |TAMS 0x000000070b200000, 0x000000070b200000| Untracked 
|  46|0x000000070b400000, 0x000000070b400000, 0x000000070b600000|  0%| F|  |TAMS 0x000000070b400000, 0x000000070b400000| Untracked 
|  47|0x000000070b600000, 0x000000070b600000, 0x000000070b800000|  0%| F|  |TAMS 0x000000070b600000, 0x000000070b600000| Untracked 
|  48|0x000000070b800000, 0x000000070b800000, 0x000000070ba00000|  0%| F|  |TAMS 0x000000070b800000, 0x000000070b800000| Untracked 
|  49|0x000000070ba00000, 0x000000070ba00000, 0x000000070bc00000|  0%| F|  |TAMS 0x000000070ba00000, 0x000000070ba00000| Untracked 
|  50|0x000000070bc00000, 0x000000070bc00000, 0x000000070be00000|  0%| F|  |TAMS 0x000000070bc00000, 0x000000070bc00000| Untracked 
|  51|0x000000070be00000, 0x000000070be00000, 0x000000070c000000|  0%| F|  |TAMS 0x000000070be00000, 0x000000070be00000| Untracked 
|  52|0x000000070c000000, 0x000000070c000000, 0x000000070c200000|  0%| F|  |TAMS 0x000000070c000000, 0x000000070c000000| Untracked 
|  53|0x000000070c200000, 0x000000070c200000, 0x000000070c400000|  0%| F|  |TAMS 0x000000070c200000, 0x000000070c200000| Untracked 
|  54|0x000000070c400000, 0x000000070c400000, 0x000000070c600000|  0%| F|  |TAMS 0x000000070c400000, 0x000000070c400000| Untracked 
|  55|0x000000070c600000, 0x000000070c600000, 0x000000070c800000|  0%| F|  |TAMS 0x000000070c600000, 0x000000070c600000| Untracked 
|  56|0x000000070c800000, 0x000000070c800000, 0x000000070ca00000|  0%| F|  |TAMS 0x000000070c800000, 0x000000070c800000| Untracked 
|  57|0x000000070ca00000, 0x000000070ca00000, 0x000000070cc00000|  0%| F|  |TAMS 0x000000070ca00000, 0x000000070ca00000| Untracked 
|  58|0x000000070cc00000, 0x000000070cc00000, 0x000000070ce00000|  0%| F|  |TAMS 0x000000070cc00000, 0x000000070cc00000| Untracked 
|  59|0x000000070ce00000, 0x000000070ce00000, 0x000000070d000000|  0%| F|  |TAMS 0x000000070ce00000, 0x000000070ce00000| Untracked 
|  60|0x000000070d000000, 0x000000070d000000, 0x000000070d200000|  0%| F|  |TAMS 0x000000070d000000, 0x000000070d000000| Untracked 
|  61|0x000000070d200000, 0x000000070d200000, 0x000000070d400000|  0%| F|  |TAMS 0x000000070d200000, 0x000000070d200000| Untracked 
|  62|0x000000070d400000, 0x000000070d400000, 0x000000070d600000|  0%| F|  |TAMS 0x000000070d400000, 0x000000070d400000| Untracked 
|  63|0x000000070d600000, 0x000000070d600000, 0x000000070d800000|  0%| F|  |TAMS 0x000000070d600000, 0x000000070d600000| Untracked 
|  64|0x000000070d800000, 0x000000070d800000, 0x000000070da00000|  0%| F|  |TAMS 0x000000070d800000, 0x000000070d800000| Untracked 
|  65|0x000000070da00000, 0x000000070da00000, 0x000000070dc00000|  0%| F|  |TAMS 0x000000070da00000, 0x000000070da00000| Untracked 
|  66|0x000000070dc00000, 0x000000070dc00000, 0x000000070de00000|  0%| F|  |TAMS 0x000000070dc00000, 0x000000070dc00000| Untracked 
|  67|0x000000070de00000, 0x000000070de00000, 0x000000070e000000|  0%| F|  |TAMS 0x000000070de00000, 0x000000070de00000| Untracked 
|  68|0x000000070e000000, 0x000000070e000000, 0x000000070e200000|  0%| F|  |TAMS 0x000000070e000000, 0x000000070e000000| Untracked 
|  69|0x000000070e200000, 0x000000070e200000, 0x000000070e400000|  0%| F|  |TAMS 0x000000070e200000, 0x000000070e200000| Untracked 
|  70|0x000000070e400000, 0x000000070e400000, 0x000000070e600000|  0%| F|  |TAMS 0x000000070e400000, 0x000000070e400000| Untracked 
|  71|0x000000070e600000, 0x000000070e600000, 0x000000070e800000|  0%| F|  |TAMS 0x000000070e600000, 0x000000070e600000| Untracked 
|  72|0x000000070e800000, 0x000000070e800000, 0x000000070ea00000|  0%| F|  |TAMS 0x000000070e800000, 0x000000070e800000| Untracked 
|  73|0x000000070ea00000, 0x000000070ea00000, 0x000000070ec00000|  0%| F|  |TAMS 0x000000070ea00000, 0x000000070ea00000| Untracked 
|  74|0x000000070ec00000, 0x000000070ec00000, 0x000000070ee00000|  0%| F|  |TAMS 0x000000070ec00000, 0x000000070ec00000| Untracked 
|  75|0x000000070ee00000, 0x000000070ee00000, 0x000000070f000000|  0%| F|  |TAMS 0x000000070ee00000, 0x000000070ee00000| Untracked 
|  76|0x000000070f000000, 0x000000070f000000, 0x000000070f200000|  0%| F|  |TAMS 0x000000070f000000, 0x000000070f000000| Untracked 
|  77|0x000000070f200000, 0x000000070f200000, 0x000000070f400000|  0%| F|  |TAMS 0x000000070f200000, 0x000000070f200000| Untracked 
|  78|0x000000070f400000, 0x000000070f400000, 0x000000070f600000|  0%| F|  |TAMS 0x000000070f400000, 0x000000070f400000| Untracked 
|  79|0x000000070f600000, 0x000000070f600000, 0x000000070f800000|  0%| F|  |TAMS 0x000000070f600000, 0x000000070f600000| Untracked 
|  80|0x000000070f800000, 0x000000070f800000, 0x000000070fa00000|  0%| F|  |TAMS 0x000000070f800000, 0x000000070f800000| Untracked 
|  81|0x000000070fa00000, 0x000000070fa00000, 0x000000070fc00000|  0%| F|  |TAMS 0x000000070fa00000, 0x000000070fa00000| Untracked 
|  82|0x000000070fc00000, 0x000000070fc00000, 0x000000070fe00000|  0%| F|  |TAMS 0x000000070fc00000, 0x000000070fc00000| Untracked 
|  83|0x000000070fe00000, 0x000000070fe00000, 0x0000000710000000|  0%| F|  |TAMS 0x000000070fe00000, 0x000000070fe00000| Untracked 
|  84|0x0000000710000000, 0x0000000710000000, 0x0000000710200000|  0%| F|  |TAMS 0x0000000710000000, 0x0000000710000000| Untracked 
|  85|0x0000000710200000, 0x0000000710200000, 0x0000000710400000|  0%| F|  |TAMS 0x0000000710200000, 0x0000000710200000| Untracked 
|  86|0x0000000710400000, 0x0000000710400000, 0x0000000710600000|  0%| F|  |TAMS 0x0000000710400000, 0x0000000710400000| Untracked 
|  87|0x0000000710600000, 0x0000000710600000, 0x0000000710800000|  0%| F|  |TAMS 0x0000000710600000, 0x0000000710600000| Untracked 
|  88|0x0000000710800000, 0x0000000710800000, 0x0000000710a00000|  0%| F|  |TAMS 0x0000000710800000, 0x0000000710800000| Untracked 
|  89|0x0000000710a00000, 0x0000000710a00000, 0x0000000710c00000|  0%| F|  |TAMS 0x0000000710a00000, 0x0000000710a00000| Untracked 
|  90|0x0000000710c00000, 0x0000000710c00000, 0x0000000710e00000|  0%| F|  |TAMS 0x0000000710c00000, 0x0000000710c00000| Untracked 
|  91|0x0000000710e00000, 0x0000000710e00000, 0x0000000711000000|  0%| F|  |TAMS 0x0000000710e00000, 0x0000000710e00000| Untracked 
|  92|0x0000000711000000, 0x0000000711000000, 0x0000000711200000|  0%| F|  |TAMS 0x0000000711000000, 0x0000000711000000| Untracked 
|  93|0x0000000711200000, 0x0000000711200000, 0x0000000711400000|  0%| F|  |TAMS 0x0000000711200000, 0x0000000711200000| Untracked 
|  94|0x0000000711400000, 0x0000000711400000, 0x0000000711600000|  0%| F|  |TAMS 0x0000000711400000, 0x0000000711400000| Untracked 
|  95|0x0000000711600000, 0x0000000711600000, 0x0000000711800000|  0%| F|  |TAMS 0x0000000711600000, 0x0000000711600000| Untracked 
|  96|0x0000000711800000, 0x0000000711800000, 0x0000000711a00000|  0%| F|  |TAMS 0x0000000711800000, 0x0000000711800000| Untracked 
|  97|0x0000000711a00000, 0x0000000711a00000, 0x0000000711c00000|  0%| F|  |TAMS 0x0000000711a00000, 0x0000000711a00000| Untracked 
|  98|0x0000000711c00000, 0x0000000711c00000, 0x0000000711e00000|  0%| F|  |TAMS 0x0000000711c00000, 0x0000000711c00000| Untracked 
|  99|0x0000000711e00000, 0x0000000711e00000, 0x0000000712000000|  0%| F|  |TAMS 0x0000000711e00000, 0x0000000711e00000| Untracked 
| 100|0x0000000712000000, 0x0000000712000000, 0x0000000712200000|  0%| F|  |TAMS 0x0000000712000000, 0x0000000712000000| Untracked 
| 101|0x0000000712200000, 0x0000000712200000, 0x0000000712400000|  0%| F|  |TAMS 0x0000000712200000, 0x0000000712200000| Untracked 
| 102|0x0000000712400000, 0x0000000712400000, 0x0000000712600000|  0%| F|  |TAMS 0x0000000712400000, 0x0000000712400000| Untracked 
| 103|0x0000000712600000, 0x0000000712600000, 0x0000000712800000|  0%| F|  |TAMS 0x0000000712600000, 0x0000000712600000| Untracked 
| 104|0x0000000712800000, 0x0000000712800000, 0x0000000712a00000|  0%| F|  |TAMS 0x0000000712800000, 0x0000000712800000| Untracked 
| 105|0x0000000712a00000, 0x0000000712a00000, 0x0000000712c00000|  0%| F|  |TAMS 0x0000000712a00000, 0x0000000712a00000| Untracked 
| 106|0x0000000712c00000, 0x0000000712c00000, 0x0000000712e00000|  0%| F|  |TAMS 0x0000000712c00000, 0x0000000712c00000| Untracked 
| 107|0x0000000712e00000, 0x0000000712e00000, 0x0000000713000000|  0%| F|  |TAMS 0x0000000712e00000, 0x0000000712e00000| Untracked 
| 108|0x0000000713000000, 0x0000000713000000, 0x0000000713200000|  0%| F|  |TAMS 0x0000000713000000, 0x0000000713000000| Untracked 
| 109|0x0000000713200000, 0x0000000713200000, 0x0000000713400000|  0%| F|  |TAMS 0x0000000713200000, 0x0000000713200000| Untracked 
| 110|0x0000000713400000, 0x0000000713400000, 0x0000000713600000|  0%| F|  |TAMS 0x0000000713400000, 0x0000000713400000| Untracked 
| 111|0x0000000713600000, 0x0000000713600000, 0x0000000713800000|  0%| F|  |TAMS 0x0000000713600000, 0x0000000713600000| Untracked 
| 112|0x0000000713800000, 0x0000000713800000, 0x0000000713a00000|  0%| F|  |TAMS 0x0000000713800000, 0x0000000713800000| Untracked 
| 113|0x0000000713a00000, 0x0000000713a00000, 0x0000000713c00000|  0%| F|  |TAMS 0x0000000713a00000, 0x0000000713a00000| Untracked 
| 114|0x0000000713c00000, 0x0000000713c00000, 0x0000000713e00000|  0%| F|  |TAMS 0x0000000713c00000, 0x0000000713c00000| Untracked 
| 115|0x0000000713e00000, 0x0000000713e00000, 0x0000000714000000|  0%| F|  |TAMS 0x0000000713e00000, 0x0000000713e00000| Untracked 
| 116|0x0000000714000000, 0x0000000714000000, 0x0000000714200000|  0%| F|  |TAMS 0x0000000714000000, 0x0000000714000000| Untracked 
| 117|0x0000000714200000, 0x0000000714200000, 0x0000000714400000|  0%| F|  |TAMS 0x0000000714200000, 0x0000000714200000| Untracked 
| 118|0x0000000714400000, 0x0000000714400000, 0x0000000714600000|  0%| F|  |TAMS 0x0000000714400000, 0x0000000714400000| Untracked 
| 119|0x0000000714600000, 0x0000000714600000, 0x0000000714800000|  0%| F|  |TAMS 0x0000000714600000, 0x0000000714600000| Untracked 
| 120|0x0000000714800000, 0x0000000714800000, 0x0000000714a00000|  0%| F|  |TAMS 0x0000000714800000, 0x0000000714800000| Untracked 
| 121|0x0000000714a00000, 0x0000000714a00000, 0x0000000714c00000|  0%| F|  |TAMS 0x0000000714a00000, 0x0000000714a00000| Untracked 
| 122|0x0000000714c00000, 0x0000000714c00000, 0x0000000714e00000|  0%| F|  |TAMS 0x0000000714c00000, 0x0000000714c00000| Untracked 
| 123|0x0000000714e00000, 0x0000000714e00000, 0x0000000715000000|  0%| F|  |TAMS 0x0000000714e00000, 0x0000000714e00000| Untracked 
| 124|0x0000000715000000, 0x0000000715000000, 0x0000000715200000|  0%| F|  |TAMS 0x0000000715000000, 0x0000000715000000| Untracked 
| 125|0x0000000715200000, 0x0000000715200000, 0x0000000715400000|  0%| F|  |TAMS 0x0000000715200000, 0x0000000715200000| Untracked 
| 126|0x0000000715400000, 0x0000000715400000, 0x0000000715600000|  0%| F|  |TAMS 0x0000000715400000, 0x0000000715400000| Untracked 
| 127|0x0000000715600000, 0x0000000715600000, 0x0000000715800000|  0%| F|  |TAMS 0x0000000715600000, 0x0000000715600000| Untracked 
| 128|0x0000000715800000, 0x0000000715800000, 0x0000000715a00000|  0%| F|  |TAMS 0x0000000715800000, 0x0000000715800000| Untracked 
| 129|0x0000000715a00000, 0x0000000715a00000, 0x0000000715c00000|  0%| F|  |TAMS 0x0000000715a00000, 0x0000000715a00000| Untracked 
| 130|0x0000000715c00000, 0x0000000715c00000, 0x0000000715e00000|  0%| F|  |TAMS 0x0000000715c00000, 0x0000000715c00000| Untracked 
| 131|0x0000000715e00000, 0x0000000715e00000, 0x0000000716000000|  0%| F|  |TAMS 0x0000000715e00000, 0x0000000715e00000| Untracked 
| 132|0x0000000716000000, 0x0000000716000000, 0x0000000716200000|  0%| F|  |TAMS 0x0000000716000000, 0x0000000716000000| Untracked 
| 133|0x0000000716200000, 0x0000000716200000, 0x0000000716400000|  0%| F|  |TAMS 0x0000000716200000, 0x0000000716200000| Untracked 
| 134|0x0000000716400000, 0x0000000716400000, 0x0000000716600000|  0%| F|  |TAMS 0x0000000716400000, 0x0000000716400000| Untracked 
| 135|0x0000000716600000, 0x0000000716600000, 0x0000000716800000|  0%| F|  |TAMS 0x0000000716600000, 0x0000000716600000| Untracked 
| 136|0x0000000716800000, 0x0000000716800000, 0x0000000716a00000|  0%| F|  |TAMS 0x0000000716800000, 0x0000000716800000| Untracked 
| 137|0x0000000716a00000, 0x0000000716a00000, 0x0000000716c00000|  0%| F|  |TAMS 0x0000000716a00000, 0x0000000716a00000| Untracked 
| 138|0x0000000716c00000, 0x0000000716c00000, 0x0000000716e00000|  0%| F|  |TAMS 0x0000000716c00000, 0x0000000716c00000| Untracked 
| 139|0x0000000716e00000, 0x0000000716e00000, 0x0000000717000000|  0%| F|  |TAMS 0x0000000716e00000, 0x0000000716e00000| Untracked 
| 140|0x0000000717000000, 0x0000000717000000, 0x0000000717200000|  0%| F|  |TAMS 0x0000000717000000, 0x0000000717000000| Untracked 
| 141|0x0000000717200000, 0x0000000717200000, 0x0000000717400000|  0%| F|  |TAMS 0x0000000717200000, 0x0000000717200000| Untracked 
| 142|0x0000000717400000, 0x0000000717400000, 0x0000000717600000|  0%| F|  |TAMS 0x0000000717400000, 0x0000000717400000| Untracked 
| 143|0x0000000717600000, 0x0000000717600000, 0x0000000717800000|  0%| F|  |TAMS 0x0000000717600000, 0x0000000717600000| Untracked 
| 144|0x0000000717800000, 0x0000000717800000, 0x0000000717a00000|  0%| F|  |TAMS 0x0000000717800000, 0x0000000717800000| Untracked 
| 145|0x0000000717a00000, 0x0000000717a00000, 0x0000000717c00000|  0%| F|  |TAMS 0x0000000717a00000, 0x0000000717a00000| Untracked 
| 146|0x0000000717c00000, 0x0000000717c00000, 0x0000000717e00000|  0%| F|  |TAMS 0x0000000717c00000, 0x0000000717c00000| Untracked 
| 147|0x0000000717e00000, 0x0000000717e00000, 0x0000000718000000|  0%| F|  |TAMS 0x0000000717e00000, 0x0000000717e00000| Untracked 
| 148|0x0000000718000000, 0x0000000718000000, 0x0000000718200000|  0%| F|  |TAMS 0x0000000718000000, 0x0000000718000000| Untracked 
| 149|0x0000000718200000, 0x0000000718200000, 0x0000000718400000|  0%| F|  |TAMS 0x0000000718200000, 0x0000000718200000| Untracked 
| 150|0x0000000718400000, 0x0000000718400000, 0x0000000718600000|  0%| F|  |TAMS 0x0000000718400000, 0x0000000718400000| Untracked 
| 151|0x0000000718600000, 0x0000000718600000, 0x0000000718800000|  0%| F|  |TAMS 0x0000000718600000, 0x0000000718600000| Untracked 
| 152|0x0000000718800000, 0x0000000718800000, 0x0000000718a00000|  0%| F|  |TAMS 0x0000000718800000, 0x0000000718800000| Untracked 
| 153|0x0000000718a00000, 0x0000000718a00000, 0x0000000718c00000|  0%| F|  |TAMS 0x0000000718a00000, 0x0000000718a00000| Untracked 
| 154|0x0000000718c00000, 0x0000000718c00000, 0x0000000718e00000|  0%| F|  |TAMS 0x0000000718c00000, 0x0000000718c00000| Untracked 
| 155|0x0000000718e00000, 0x0000000718e00000, 0x0000000719000000|  0%| F|  |TAMS 0x0000000718e00000, 0x0000000718e00000| Untracked 
| 156|0x0000000719000000, 0x0000000719000000, 0x0000000719200000|  0%| F|  |TAMS 0x0000000719000000, 0x0000000719000000| Untracked 
| 157|0x0000000719200000, 0x0000000719200000, 0x0000000719400000|  0%| F|  |TAMS 0x0000000719200000, 0x0000000719200000| Untracked 
| 158|0x0000000719400000, 0x0000000719400000, 0x0000000719600000|  0%| F|  |TAMS 0x0000000719400000, 0x0000000719400000| Untracked 
| 159|0x0000000719600000, 0x0000000719600000, 0x0000000719800000|  0%| F|  |TAMS 0x0000000719600000, 0x0000000719600000| Untracked 
| 160|0x0000000719800000, 0x0000000719800000, 0x0000000719a00000|  0%| F|  |TAMS 0x0000000719800000, 0x0000000719800000| Untracked 
| 161|0x0000000719a00000, 0x0000000719a00000, 0x0000000719c00000|  0%| F|  |TAMS 0x0000000719a00000, 0x0000000719a00000| Untracked 
| 162|0x0000000719c00000, 0x0000000719c00000, 0x0000000719e00000|  0%| F|  |TAMS 0x0000000719c00000, 0x0000000719c00000| Untracked 
| 163|0x0000000719e00000, 0x0000000719e00000, 0x000000071a000000|  0%| F|  |TAMS 0x0000000719e00000, 0x0000000719e00000| Untracked 
| 164|0x000000071a000000, 0x000000071a000000, 0x000000071a200000|  0%| F|  |TAMS 0x000000071a000000, 0x000000071a000000| Untracked 
| 165|0x000000071a200000, 0x000000071a200000, 0x000000071a400000|  0%| F|  |TAMS 0x000000071a200000, 0x000000071a200000| Untracked 
| 166|0x000000071a400000, 0x000000071a400000, 0x000000071a600000|  0%| F|  |TAMS 0x000000071a400000, 0x000000071a400000| Untracked 
| 167|0x000000071a600000, 0x000000071a600000, 0x000000071a800000|  0%| F|  |TAMS 0x000000071a600000, 0x000000071a600000| Untracked 
| 168|0x000000071a800000, 0x000000071a800000, 0x000000071aa00000|  0%| F|  |TAMS 0x000000071a800000, 0x000000071a800000| Untracked 
| 169|0x000000071aa00000, 0x000000071aa00000, 0x000000071ac00000|  0%| F|  |TAMS 0x000000071aa00000, 0x000000071aa00000| Untracked 
| 170|0x000000071ac00000, 0x000000071ac00000, 0x000000071ae00000|  0%| F|  |TAMS 0x000000071ac00000, 0x000000071ac00000| Untracked 
| 171|0x000000071ae00000, 0x000000071ae00000, 0x000000071b000000|  0%| F|  |TAMS 0x000000071ae00000, 0x000000071ae00000| Untracked 
| 172|0x000000071b000000, 0x000000071b000000, 0x000000071b200000|  0%| F|  |TAMS 0x000000071b000000, 0x000000071b000000| Untracked 
| 173|0x000000071b200000, 0x000000071b200000, 0x000000071b400000|  0%| F|  |TAMS 0x000000071b200000, 0x000000071b200000| Untracked 
| 174|0x000000071b400000, 0x000000071b400000, 0x000000071b600000|  0%| F|  |TAMS 0x000000071b400000, 0x000000071b400000| Untracked 
| 175|0x000000071b600000, 0x000000071b600000, 0x000000071b800000|  0%| F|  |TAMS 0x000000071b600000, 0x000000071b600000| Untracked 
| 176|0x000000071b800000, 0x000000071b800000, 0x000000071ba00000|  0%| F|  |TAMS 0x000000071b800000, 0x000000071b800000| Untracked 
| 177|0x000000071ba00000, 0x000000071ba00000, 0x000000071bc00000|  0%| F|  |TAMS 0x000000071ba00000, 0x000000071ba00000| Untracked 
| 178|0x000000071bc00000, 0x000000071bc00000, 0x000000071be00000|  0%| F|  |TAMS 0x000000071bc00000, 0x000000071bc00000| Untracked 
| 179|0x000000071be00000, 0x000000071be00000, 0x000000071c000000|  0%| F|  |TAMS 0x000000071be00000, 0x000000071be00000| Untracked 
| 180|0x000000071c000000, 0x000000071c000000, 0x000000071c200000|  0%| F|  |TAMS 0x000000071c000000, 0x000000071c000000| Untracked 
| 181|0x000000071c200000, 0x000000071c200000, 0x000000071c400000|  0%| F|  |TAMS 0x000000071c200000, 0x000000071c200000| Untracked 
| 182|0x000000071c400000, 0x000000071c600000, 0x000000071c600000|100%| E|  |TAMS 0x000000071c400000, 0x000000071c400000| Complete 
| 183|0x000000071c600000, 0x000000071c800000, 0x000000071c800000|100%| E|CS|TAMS 0x000000071c600000, 0x000000071c600000| Complete 
| 184|0x000000071c800000, 0x000000071ca00000, 0x000000071ca00000|100%| E|CS|TAMS 0x000000071c800000, 0x000000071c800000| Complete 
| 185|0x000000071ca00000, 0x000000071cc00000, 0x000000071cc00000|100%| E|CS|TAMS 0x000000071ca00000, 0x000000071ca00000| Complete 
| 186|0x000000071cc00000, 0x000000071ce00000, 0x000000071ce00000|100%| E|CS|TAMS 0x000000071cc00000, 0x000000071cc00000| Complete 
| 187|0x000000071ce00000, 0x000000071d000000, 0x000000071d000000|100%| E|CS|TAMS 0x000000071ce00000, 0x000000071ce00000| Complete 
| 188|0x000000071d000000, 0x000000071d200000, 0x000000071d200000|100%| E|CS|TAMS 0x000000071d000000, 0x000000071d000000| Complete 
| 189|0x000000071d200000, 0x000000071d400000, 0x000000071d400000|100%| E|CS|TAMS 0x000000071d200000, 0x000000071d200000| Complete 
| 190|0x000000071d400000, 0x000000071d600000, 0x000000071d600000|100%| E|CS|TAMS 0x000000071d400000, 0x000000071d400000| Complete 
| 191|0x000000071d600000, 0x000000071d800000, 0x000000071d800000|100%| E|CS|TAMS 0x000000071d600000, 0x000000071d600000| Complete 
| 192|0x000000071d800000, 0x000000071da00000, 0x000000071da00000|100%| E|CS|TAMS 0x000000071d800000, 0x000000071d800000| Complete 
| 193|0x000000071da00000, 0x000000071dc00000, 0x000000071dc00000|100%| E|CS|TAMS 0x000000071da00000, 0x000000071da00000| Complete 
| 194|0x000000071dc00000, 0x000000071de00000, 0x000000071de00000|100%| E|CS|TAMS 0x000000071dc00000, 0x000000071dc00000| Complete 
| 195|0x000000071de00000, 0x000000071e000000, 0x000000071e000000|100%| E|CS|TAMS 0x000000071de00000, 0x000000071de00000| Complete 
| 196|0x000000071e000000, 0x000000071e200000, 0x000000071e200000|100%| E|CS|TAMS 0x000000071e000000, 0x000000071e000000| Complete 
| 197|0x000000071e200000, 0x000000071e400000, 0x000000071e400000|100%| E|CS|TAMS 0x000000071e200000, 0x000000071e200000| Complete 
| 198|0x000000071e400000, 0x000000071e600000, 0x000000071e600000|100%| E|CS|TAMS 0x000000071e400000, 0x000000071e400000| Complete 
| 199|0x000000071e600000, 0x000000071e800000, 0x000000071e800000|100%| E|CS|TAMS 0x000000071e600000, 0x000000071e600000| Complete 
| 200|0x000000071e800000, 0x000000071ea00000, 0x000000071ea00000|100%| E|CS|TAMS 0x000000071e800000, 0x000000071e800000| Complete 
| 201|0x000000071ea00000, 0x000000071ec00000, 0x000000071ec00000|100%| E|CS|TAMS 0x000000071ea00000, 0x000000071ea00000| Complete 
| 202|0x000000071ec00000, 0x000000071ee00000, 0x000000071ee00000|100%| E|CS|TAMS 0x000000071ec00000, 0x000000071ec00000| Complete 
| 203|0x000000071ee00000, 0x000000071f000000, 0x000000071f000000|100%| E|CS|TAMS 0x000000071ee00000, 0x000000071ee00000| Complete 
| 204|0x000000071f000000, 0x000000071f200000, 0x000000071f200000|100%| E|CS|TAMS 0x000000071f000000, 0x000000071f000000| Complete 
| 205|0x000000071f200000, 0x000000071f400000, 0x000000071f400000|100%| E|CS|TAMS 0x000000071f200000, 0x000000071f200000| Complete 
| 206|0x000000071f400000, 0x000000071f600000, 0x000000071f600000|100%| E|CS|TAMS 0x000000071f400000, 0x000000071f400000| Complete 
| 207|0x000000071f600000, 0x000000071f800000, 0x000000071f800000|100%| E|CS|TAMS 0x000000071f600000, 0x000000071f600000| Complete 

Card table byte_map: [0x000001c7404e0000,0x000001c740cc0000] _byte_map_base: 0x000001c73ccb4000

Marking Bits (Prev, Next): (CMBitMap*) 0x000001c728823f10, (CMBitMap*) 0x000001c728823ed0
 Prev Bits: [0x000001c745340000, 0x000001c7491e0000)
 Next Bits: [0x000001c7414a0000, 0x000001c745340000)

Polling page: 0x000001c726ee0000

Metaspace:

Usage:
  Non-class:     94.21 MB used.
      Class:     14.81 MB used.
       Both:    109.02 MB used.

Virtual space:
  Non-class space:      128.00 MB reserved,      94.56 MB ( 74%) committed,  2 nodes.
      Class space:        1.00 GB reserved,      15.19 MB (  1%) committed,  1 nodes.
             Both:        1.12 GB reserved,     109.75 MB ( 10%) committed. 

Chunk freelists:
   Non-Class:  1.02 MB
       Class:  672.00 KB
        Both:  1.67 MB

MaxMetaspaceSize: unlimited
CompressedClassSpaceSize: 1.00 GB
Initial GC threshold: 21.00 MB
Current GC threshold: 166.81 MB
CDS: on
MetaspaceReclaimPolicy: balanced
 - commit_granule_bytes: 65536.
 - commit_granule_words: 8192.
 - virtual_space_node_default_size: 8388608.
 - enlarge_chunks_in_place: 1.
 - new_chunks_are_fully_committed: 0.
 - uncommit_free_chunks: 1.
 - use_allocation_guard: 0.
 - handle_deallocations: 1.


Internal statistics:

num_allocs_failed_limit: 11.
num_arena_births: 1138.
num_arena_deaths: 0.
num_vsnodes_births: 3.
num_vsnodes_deaths: 0.
num_space_committed: 1756.
num_space_uncommitted: 0.
num_chunks_returned_to_freelist: 11.
num_chunks_taken_from_freelist: 5266.
num_chunk_merges: 11.
num_chunk_splits: 3871.
num_chunks_enlarged: 3107.
num_inconsistent_stats: 0.

CodeHeap 'non-profiled nmethods': size=120000Kb used=7827Kb max_used=8519Kb free=112172Kb
 bounds [0x000001c737b40000, 0x000001c7383a0000, 0x000001c73f070000]
CodeHeap 'profiled nmethods': size=120000Kb used=17864Kb max_used=18595Kb free=102135Kb
 bounds [0x000001c730070000, 0x000001c7312a0000, 0x000001c7375a0000]
CodeHeap 'non-nmethods': size=5760Kb used=1493Kb max_used=1545Kb free=4266Kb
 bounds [0x000001c7375a0000, 0x000001c737810000, 0x000001c737b40000]
 total_blobs=9835 nmethods=8971 adapters=775
 compilation: enabled
              stopped_count=0, restarted_count=0
 full_count=0

Compilation events (20 events):
Event: 325.373 Thread 0x000001c791024560 10940       1       com.fasterxml.jackson.databind.deser.std.StdDeserializer::handledType (5 bytes)
Event: 325.373 Thread 0x000001c791024560 nmethod 10940 0x000001c73817ec10 code [0x000001c73817eda0, 0x000001c73817ee78]
Event: 325.374 Thread 0x000001c791024560 10942       3       java.util.concurrent.ConcurrentHashMap::putAll (63 bytes)
Event: 325.374 Thread 0x000001c791024560 nmethod 10942 0x000001c731299a10 code [0x000001c731299c40, 0x000001c73129a4e8]
Event: 325.374 Thread 0x000001c791024560 10943   !   3       com.netflix.discovery.shared.Application::getInstancesAsIsFromEureka (26 bytes)
Event: 325.374 Thread 0x000001c791024560 nmethod 10943 0x000001c73129a710 code [0x000001c73129a8c0, 0x000001c73129ab48]
Event: 326.899 Thread 0x000001c791024560 10944       1       org.springframework.kafka.listener.AbstractMessageListenerContainer::isPauseRequested (5 bytes)
Event: 326.899 Thread 0x000001c791024560 nmethod 10944 0x000001c73817e910 code [0x000001c73817eaa0, 0x000001c73817eb78]
Event: 327.635 Thread 0x000001c791022b90 10946       4       java.util.concurrent.locks.LockSupport::setBlocker (12 bytes)
Event: 327.636 Thread 0x000001c791022b90 nmethod 10946 0x000001c73817e210 code [0x000001c73817e380, 0x000001c73817e498]
Event: 327.663 Thread 0x000001c791024560 10947       3       java.lang.Math::multiplyExact (7 bytes)
Event: 327.663 Thread 0x000001c791024560 nmethod 10947 0x000001c73045b190 code [0x000001c73045b320, 0x000001c73045b448]
Event: 327.663 Thread 0x000001c791024560 10948       1       org.springframework.kafka.listener.ContainerProperties::getIdleBetweenPolls (5 bytes)
Event: 327.663 Thread 0x000001c791024560 nmethod 10948 0x000001c73817df10 code [0x000001c73817e0a0, 0x000001c73817e178]
Event: 327.976 Thread 0x000001c791022b90 10949       4       jdk.internal.misc.Unsafe::checkNativeAddress (28 bytes)
Event: 327.977 Thread 0x000001c791022b90 nmethod 10949 0x000001c73817db10 code [0x000001c73817dc80, 0x000001c73817dcf8]
Event: 328.482 Thread 0x000001c791022b90 10950       4       org.apache.kafka.clients.NetworkClient::handleInitiateApiVersionRequests (138 bytes)
Event: 328.674 Thread 0x000001c791024560 10951       3       jdk.internal.misc.Unsafe::toUnsignedLong (7 bytes)
Event: 328.984 Thread 0x000001c791024560 nmethod 10951 0x000001c7307eab10 code [0x000001c7307eaca0, 0x000001c7307ead98]
Event: 328.984 Thread 0x000001c791024560 10952       1       org.apache.kafka.common.message.MetadataResponseData$MetadataResponseTopic::next (5 bytes)

GC Heap History (20 events):
Event: 21.023 GC heap before
{Heap before GC invocations=30 (full 0):
 garbage-first heap   total 100352K, used 80590K [0x0000000705800000, 0x0000000800000000)
  region size 2048K, 14 young (28672K), 2 survivors (4096K)
 Metaspace       used 86227K, committed 86848K, reserved 1179648K
  class space    used 12099K, committed 12416K, reserved 1048576K
}
Event: 21.027 GC heap after
{Heap after GC invocations=31 (full 0):
 garbage-first heap   total 100352K, used 57595K [0x0000000705800000, 0x0000000800000000)
  region size 2048K, 2 young (4096K), 2 survivors (4096K)
 Metaspace       used 86227K, committed 86848K, reserved 1179648K
  class space    used 12099K, committed 12416K, reserved 1048576K
}
Event: 22.724 GC heap before
{Heap before GC invocations=31 (full 0):
 garbage-first heap   total 100352K, used 82171K [0x0000000705800000, 0x0000000800000000)
  region size 2048K, 14 young (28672K), 2 survivors (4096K)
 Metaspace       used 87158K, committed 87680K, reserved 1179648K
  class space    used 12234K, committed 12480K, reserved 1048576K
}
Event: 22.729 GC heap after
{Heap after GC invocations=32 (full 0):
 garbage-first heap   total 100352K, used 59324K [0x0000000705800000, 0x0000000800000000)
  region size 2048K, 2 young (4096K), 2 survivors (4096K)
 Metaspace       used 87158K, committed 87680K, reserved 1179648K
  class space    used 12234K, committed 12480K, reserved 1048576K
}
Event: 23.035 GC heap before
{Heap before GC invocations=33 (full 0):
 garbage-first heap   total 110592K, used 81852K [0x0000000705800000, 0x0000000800000000)
  region size 2048K, 13 young (26624K), 2 survivors (4096K)
 Metaspace       used 87562K, committed 88128K, reserved 1179648K
  class space    used 12295K, committed 12544K, reserved 1048576K
}
Event: 23.039 GC heap after
{Heap after GC invocations=34 (full 0):
 garbage-first heap   total 110592K, used 60617K [0x0000000705800000, 0x0000000800000000)
  region size 2048K, 2 young (4096K), 2 survivors (4096K)
 Metaspace       used 87562K, committed 88128K, reserved 1179648K
  class space    used 12295K, committed 12544K, reserved 1048576K
}
Event: 24.144 GC heap before
{Heap before GC invocations=34 (full 0):
 garbage-first heap   total 110592K, used 89289K [0x0000000705800000, 0x0000000800000000)
  region size 2048K, 16 young (32768K), 2 survivors (4096K)
 Metaspace       used 95631K, committed 96256K, reserved 1179648K
  class space    used 13049K, committed 13312K, reserved 1048576K
}
Event: 24.148 GC heap after
{Heap after GC invocations=35 (full 0):
 garbage-first heap   total 110592K, used 62262K [0x0000000705800000, 0x0000000800000000)
  region size 2048K, 2 young (4096K), 2 survivors (4096K)
 Metaspace       used 95631K, committed 96256K, reserved 1179648K
  class space    used 13049K, committed 13312K, reserved 1048576K
}
Event: 25.281 GC heap before
{Heap before GC invocations=36 (full 0):
 garbage-first heap   total 110592K, used 90934K [0x0000000705800000, 0x0000000800000000)
  region size 2048K, 16 young (32768K), 2 survivors (4096K)
 Metaspace       used 100963K, committed 101568K, reserved 1179648K
  class space    used 13844K, committed 14144K, reserved 1048576K
}
Event: 25.287 GC heap after
{Heap after GC invocations=37 (full 0):
 garbage-first heap   total 110592K, used 64597K [0x0000000705800000, 0x0000000800000000)
  region size 2048K, 2 young (4096K), 2 survivors (4096K)
 Metaspace       used 100963K, committed 101568K, reserved 1179648K
  class space    used 13844K, committed 14144K, reserved 1048576K
}
Event: 25.315 GC heap before
{Heap before GC invocations=37 (full 0):
 garbage-first heap   total 110592K, used 66645K [0x0000000705800000, 0x0000000800000000)
  region size 2048K, 3 young (6144K), 2 survivors (4096K)
 Metaspace       used 101132K, committed 101760K, reserved 1179648K
  class space    used 13863K, committed 14144K, reserved 1048576K
}
Event: 25.337 GC heap after
{Heap after GC invocations=38 (full 0):
 garbage-first heap   total 110592K, used 63456K [0x0000000705800000, 0x0000000800000000)
  region size 2048K, 1 young (2048K), 1 survivors (2048K)
 Metaspace       used 101132K, committed 101760K, reserved 1179648K
  class space    used 13863K, committed 14144K, reserved 1048576K
}
Event: 26.832 GC heap before
{Heap before GC invocations=38 (full 0):
 garbage-first heap   total 110592K, used 90080K [0x0000000705800000, 0x0000000800000000)
  region size 2048K, 14 young (28672K), 1 survivors (2048K)
 Metaspace       used 101836K, committed 102464K, reserved 1179648K
  class space    used 13946K, committed 14208K, reserved 1048576K
}
Event: 26.835 GC heap after
{Heap after GC invocations=39 (full 0):
 garbage-first heap   total 110592K, used 63633K [0x0000000705800000, 0x0000000800000000)
  region size 2048K, 1 young (2048K), 1 survivors (2048K)
 Metaspace       used 101836K, committed 102464K, reserved 1179648K
  class space    used 13946K, committed 14208K, reserved 1048576K
}
Event: 26.919 GC heap before
{Heap before GC invocations=40 (full 0):
 garbage-first heap   total 147456K, used 90257K [0x0000000705800000, 0x0000000800000000)
  region size 2048K, 14 young (28672K), 1 survivors (2048K)
 Metaspace       used 101842K, committed 102464K, reserved 1179648K
  class space    used 13946K, committed 14208K, reserved 1048576K
}
Event: 26.922 GC heap after
{Heap after GC invocations=41 (full 0):
 garbage-first heap   total 147456K, used 63603K [0x0000000705800000, 0x0000000800000000)
  region size 2048K, 1 young (2048K), 1 survivors (2048K)
 Metaspace       used 101842K, committed 102464K, reserved 1179648K
  class space    used 13946K, committed 14208K, reserved 1048576K
}
Event: 27.053 GC heap before
{Heap before GC invocations=41 (full 0):
 garbage-first heap   total 147456K, used 67699K [0x0000000705800000, 0x0000000800000000)
  region size 2048K, 3 young (6144K), 1 survivors (2048K)
 Metaspace       used 102108K, committed 102720K, reserved 1179648K
  class space    used 13994K, committed 14272K, reserved 1048576K
}
Event: 27.056 GC heap after
{Heap after GC invocations=42 (full 0):
 garbage-first heap   total 147456K, used 63156K [0x0000000705800000, 0x0000000800000000)
  region size 2048K, 1 young (2048K), 1 survivors (2048K)
 Metaspace       used 102108K, committed 102720K, reserved 1179648K
  class space    used 13994K, committed 14272K, reserved 1048576K
}
Event: 134.329 GC heap before
{Heap before GC invocations=42 (full 0):
 garbage-first heap   total 147456K, used 118452K [0x0000000705800000, 0x0000000800000000)
  region size 2048K, 28 young (57344K), 1 survivors (2048K)
 Metaspace       used 106243K, committed 106944K, reserved 1179648K
  class space    used 14448K, committed 14784K, reserved 1048576K
}
Event: 134.336 GC heap after
{Heap after GC invocations=43 (full 0):
 garbage-first heap   total 425984K, used 65461K [0x0000000705800000, 0x0000000800000000)
  region size 2048K, 2 young (4096K), 2 survivors (4096K)
 Metaspace       used 106243K, committed 106944K, reserved 1179648K
  class space    used 14448K, committed 14784K, reserved 1048576K
}

Deoptimization events (20 events):
Event: 236.720 Thread 0x000001c7945404d0 Uncommon trap: trap_request=0xffffff45 fr.pc=0x000001c737c7d2f0 relative=0x00000000000009f0
Event: 236.720 Thread 0x000001c7945404d0 Uncommon trap: reason=unstable_if action=reinterpret pc=0x000001c737c7d2f0 method=java.util.concurrent.ConcurrentHashMap.get(Ljava/lang/Object;)Ljava/lang/Object; @ 86 c2
Event: 236.721 Thread 0x000001c7945404d0 DEOPT PACKING pc=0x000001c737c7d2f0 sp=0x000000a743bfca70
Event: 236.721 Thread 0x000001c7945404d0 DEOPT UNPACKING pc=0x000001c7375f23a3 sp=0x000000a743bfc9a0 mode 2
Event: 236.749 Thread 0x000001c796213d60 Uncommon trap: trap_request=0xffffffbe fr.pc=0x000001c737cc4180 relative=0x00000000000007a0
Event: 236.749 Thread 0x000001c796213d60 Uncommon trap: reason=profile_predicate action=maybe_recompile pc=0x000001c737cc4180 method=java.util.TreeMap.getEntryUsingComparator(Ljava/lang/Object;)Ljava/util/TreeMap$Entry; @ 19 c2
Event: 236.749 Thread 0x000001c796213d60 DEOPT PACKING pc=0x000001c737cc4180 sp=0x000000a740afea10
Event: 236.749 Thread 0x000001c796213d60 DEOPT UNPACKING pc=0x000001c7375f23a3 sp=0x000000a740afe940 mode 2
Event: 297.759 Thread 0x000001c791021660 Uncommon trap: trap_request=0xffffff54 fr.pc=0x000001c738352ba4 relative=0x0000000000000de4
Event: 297.759 Thread 0x000001c791021660 Uncommon trap: reason=speculate_null_assert action=make_not_entrant pc=0x000001c738352ba4 method=sun.nio.ch.SelectorImpl.processDeregisterQueue()V @ 66 c2
Event: 297.759 Thread 0x000001c791021660 DEOPT PACKING pc=0x000001c738352ba4 sp=0x000000a7445ff470
Event: 297.759 Thread 0x000001c791021660 DEOPT UNPACKING pc=0x000001c7375f23a3 sp=0x000000a7445ff3f0 mode 2
Event: 327.978 Thread 0x000001c7970eb9b0 Uncommon trap: trap_request=0xffffff45 fr.pc=0x000001c7382edd48 relative=0x00000000000001c8
Event: 327.978 Thread 0x000001c7970eb9b0 Uncommon trap: reason=unstable_if action=reinterpret pc=0x000001c7382edd48 method=org.apache.kafka.clients.consumer.internals.OffsetFetcherUtils.validatePositionsOnMetadataChange()V @ 17 c2
Event: 327.978 Thread 0x000001c7970eb9b0 DEOPT PACKING pc=0x000001c7382edd48 sp=0x000000a7450fed80
Event: 327.978 Thread 0x000001c7970eb9b0 DEOPT UNPACKING pc=0x000001c7375f23a3 sp=0x000000a7450fed38 mode 2
Event: 327.978 Thread 0x000001c7970ed810 Uncommon trap: trap_request=0xffffff45 fr.pc=0x000001c73835cff8 relative=0x0000000000004eb8
Event: 327.978 Thread 0x000001c7970ed810 Uncommon trap: reason=unstable_if action=reinterpret pc=0x000001c73835cff8 method=org.apache.kafka.clients.Metadata.timeToAllowUpdate(J)J @ 73 c2
Event: 327.978 Thread 0x000001c7970ed810 DEOPT PACKING pc=0x000001c73835cff8 sp=0x000000a744bfeaf0
Event: 327.978 Thread 0x000001c7970ed810 DEOPT UNPACKING pc=0x000001c7375f23a3 sp=0x000000a744bfe938 mode 2

Classes unloaded (0 events):
No events

Classes redefined (0 events):
No events

Internal exceptions (20 events):
Event: 27.646 Thread 0x000001c7970eb9b0 Implicit null exception at 0x000001c738030272 to 0x000001c738030878
Event: 27.791 Thread 0x000001c7970ed810 Exception <a 'java/lang/NoSuchMethodError'{0x000000070c31b930}: 'java.lang.Object java.lang.invoke.DirectMethodHandle$Holder.invokeVirtual(java.lang.Object, java.lang.Object, int)'> (0x000000070c31b930) 
thrown [s\open\src\hotspot\share\interpreter\linkResolver.cpp, line 759]
Event: 28.364 Thread 0x000001c7970ed810 Exception <a 'java/lang/NoSuchMethodError'{0x000000070c0c2fc0}: 'java.lang.Object java.lang.invoke.DirectMethodHandle$Holder.newInvokeSpecial(java.lang.Object, int, java.lang.Object, java.lang.Object)'> (0x000000070c0c2fc0) 
thrown [s\open\src\hotspot\share\interpreter\linkResolver.cpp, line 759]
Event: 28.630 Thread 0x000001c7970eb4a0 Exception <a 'java/lang/NoSuchMethodError'{0x000000070beb19f0}: 'java.lang.Object java.lang.invoke.DirectMethodHandle$Holder.invokeStatic(java.lang.Object, long, java.lang.Object)'> (0x000000070beb19f0) 
thrown [s\open\src\hotspot\share\interpreter\linkResolver.cpp, line 759]
Event: 199.497 Thread 0x000001c7970eb9b0 Exception <a 'java/lang/IncompatibleClassChangeError'{0x000000071ea764b8}: Found class java.lang.Object, but interface was expected> (0x000000071ea764b8) 
thrown [s\open\src\hotspot\share\interpreter\linkResolver.cpp, line 826]
Event: 199.839 Thread 0x000001c7970eb9b0 Exception <a 'java/lang/NoSuchMethodError'{0x000000071e986f00}: 'int java.lang.invoke.DirectMethodHandle$Holder.invokeStatic(java.lang.Object, java.lang.Object, int, int)'> (0x000000071e986f00) 
thrown [s\open\src\hotspot\share\interpreter\linkResolver.cpp, line 759]
Event: 199.980 Thread 0x000001c7970eb9b0 Exception <a 'java/lang/NoSuchMethodError'{0x000000071e7812e0}: 'java.lang.Object java.lang.invoke.DirectMethodHandle$Holder.newInvokeSpecial(java.lang.Object, java.lang.Object, java.lang.Object, long)'> (0x000000071e7812e0) 
thrown [s\open\src\hotspot\share\interpreter\linkResolver.cpp, line 759]
Event: 199.981 Thread 0x000001c7970eb9b0 Exception <a 'java/lang/NoSuchMethodError'{0x000000071e785838}: 'java.lang.Object java.lang.invoke.DirectMethodHandle$Holder.invokeSpecial(java.lang.Object, java.lang.Object, java.lang.Object, java.lang.Object, long)'> (0x000000071e785838) 
thrown [s\open\src\hotspot\share\interpreter\linkResolver.cpp, line 759]
Event: 199.981 Thread 0x000001c7970eb9b0 Exception <a 'java/lang/NoSuchMethodError'{0x000000071e789668}: 'java.lang.Object java.lang.invoke.Invokers$Holder.linkToTargetMethod(java.lang.Object, java.lang.Object, long, java.lang.Object)'> (0x000000071e789668) 
thrown [s\open\src\hotspot\share\interpreter\linkResolver.cpp, line 759]
Event: 200.018 Thread 0x000001c7970eb9b0 Exception <a 'java/lang/NoSuchMethodError'{0x000000071e4430d8}: 'java.lang.Object java.lang.invoke.DirectMethodHandle$Holder.invokeSpecial(java.lang.Object, java.lang.Object, long, java.lang.Object, java.lang.Object, java.lang.Object, java.lang.Object, int, java.lang.Object, java.lang.Object)'> (0x000000071e4430d8) 
thrown [s\open\src\hotspot\share\interpreter\linkResolver.cpp, line 759]
Event: 200.018 Thread 0x000001c7970eb9b0 Exception <a 'java/lang/NoSuchMethodError'{0x000000071e447ca0}: 'java.lang.Object java.lang.invoke.DelegatingMethodHandle$Holder.reinvoke_L(java.lang.Object, long, java.lang.Object, java.lang.Object, java.lang.Object, java.lang.Object, int, java.lang.Object, java.lang.Object)'> (0x000000071e447ca0) 
thrown [s\open\src\hotspot\share\interpreter\linkResolver.cpp, line 759]
Event: 200.028 Thread 0x000001c7970eb9b0 Exception <a 'java/lang/NoSuchMethodError'{0x000000071e4b7cb8}: 'java.lang.Object java.lang.invoke.DelegatingMethodHandle$Holder.reinvoke_L(java.lang.Object, java.lang.Object, java.lang.Object, int, double, double)'> (0x000000071e4b7cb8) 
thrown [s\open\src\hotspot\share\interpreter\linkResolver.cpp, line 759]
Event: 236.092 Thread 0x000001c7945404d0 Exception <a 'java/lang/NoSuchMethodError'{0x000000071df07ba8}: 'java.lang.Object java.lang.invoke.DirectMethodHandle$Holder.invokeSpecial(java.lang.Object, java.lang.Object, java.lang.Object, java.lang.Object, java.lang.Object, long)'> (0x000000071df07ba8) 
thrown [s\open\src\hotspot\share\interpreter\linkResolver.cpp, line 759]
Event: 236.092 Thread 0x000001c7945404d0 Exception <a 'java/lang/NoSuchMethodError'{0x000000071df0b5a0}: 'java.lang.Object java.lang.invoke.Invokers$Holder.linkToTargetMethod(java.lang.Object, java.lang.Object, java.lang.Object, long, java.lang.Object)'> (0x000000071df0b5a0) 
thrown [s\open\src\hotspot\share\interpreter\linkResolver.cpp, line 759]
Event: 236.445 Thread 0x000001c7945404d0 Exception <a 'java/lang/NoSuchMethodError'{0x000000071d7d2ae8}: 'void java.lang.invoke.DirectMethodHandle$Holder.invokeSpecialIFC(java.lang.Object, java.lang.Object, int, java.lang.Object, java.lang.Object, java.lang.Object, java.lang.Object)'> (0x000000071d7d2ae8) 
thrown [s\open\src\hotspot\share\interpreter\linkResolver.cpp, line 759]
Event: 236.495 Thread 0x000001c7945404d0 Exception <a 'java/lang/IncompatibleClassChangeError'{0x000000071d4f5ef0}: Found class java.lang.Object, but interface was expected> (0x000000071d4f5ef0) 
thrown [s\open\src\hotspot\share\interpreter\linkResolver.cpp, line 826]
Event: 236.532 Thread 0x000001c7945404d0 Implicit null exception at 0x000001c737e2301c to 0x000001c737e23268
Event: 236.561 Thread 0x000001c7945404d0 Implicit null exception at 0x000001c737d4153d to 0x000001c737d415f6
Event: 236.652 Thread 0x000001c7945404d0 Exception <a 'java/lang/NoSuchMethodError'{0x000000071d086c90}: 'double java.lang.invoke.DirectMethodHandle$Holder.invokeStatic(java.lang.Object, java.lang.Object, java.lang.Object, long)'> (0x000000071d086c90) 
thrown [s\open\src\hotspot\share\interpreter\linkResolver.cpp, line 759]
Event: 236.742 Thread 0x000001c796213d60 Exception <a 'java/lang/NoSuchMethodError'{0x000000071cf60d20}: 'java.lang.Object java.lang.invoke.DirectMethodHandle$Holder.newInvokeSpecial(java.lang.Object, java.lang.Object, java.lang.Object, java.lang.Object, int, long, java.lang.Object)'> (0x000000071cf60d20) 
thrown [s\open\src\hotspot\share\interpreter\linkResolver.cpp, line 759]

VM Operations (20 events):
Event: 292.590 Executing VM operation: Cleanup
Event: 292.591 Executing VM operation: Cleanup done
Event: 295.592 Executing VM operation: Cleanup
Event: 295.592 Executing VM operation: Cleanup done
Event: 300.694 Executing VM operation: HandshakeAllThreads
Event: 300.694 Executing VM operation: HandshakeAllThreads done
Event: 302.579 Executing VM operation: HandshakeAllThreads
Event: 302.579 Executing VM operation: HandshakeAllThreads done
Event: 303.579 Executing VM operation: Cleanup
Event: 303.579 Executing VM operation: Cleanup done
Event: 314.584 Executing VM operation: Cleanup
Event: 314.584 Executing VM operation: Cleanup done
Event: 325.590 Executing VM operation: Cleanup
Event: 325.590 Executing VM operation: Cleanup done
Event: 327.979 Executing VM operation: HandshakeAllThreads
Event: 327.979 Executing VM operation: HandshakeAllThreads done
Event: 327.979 Executing VM operation: Cleanup
Event: 327.979 Executing VM operation: Cleanup done
Event: 328.979 Executing VM operation: Cleanup
Event: 328.984 Executing VM operation: Cleanup done

Events (20 events):
Event: 327.981 Thread 0x000001c79101ede0 flushing nmethod 0x000001c737efc510
Event: 327.981 Thread 0x000001c79101ede0 flushing nmethod 0x000001c737f17a10
Event: 327.981 Thread 0x000001c79101ede0 flushing nmethod 0x000001c737f22d90
Event: 327.981 Thread 0x000001c79101ede0 flushing nmethod 0x000001c737f53990
Event: 327.981 Thread 0x000001c79101ede0 flushing nmethod 0x000001c737f74890
Event: 328.984 Thread 0x000001c79101ede0 flushing nmethod 0x000001c737f90990
Event: 328.984 Thread 0x000001c79101ede0 flushing nmethod 0x000001c737f94090
Event: 328.984 Thread 0x000001c79101ede0 flushing nmethod 0x000001c737f95d10
Event: 330.985 Thread 0x000001c79101ede0 flushing nmethod 0x000001c737fc9910
Event: 330.985 Thread 0x000001c79101ede0 flushing nmethod 0x000001c737fcab10
Event: 330.985 Thread 0x000001c79101ede0 flushing nmethod 0x000001c737ff9690
Event: 330.985 Thread 0x000001c79101ede0 flushing nmethod 0x000001c738007110
Event: 330.985 Thread 0x000001c79101ede0 flushing nmethod 0x000001c738030090
Event: 330.985 Thread 0x000001c79101ede0 flushing nmethod 0x000001c738040610
Event: 330.985 Thread 0x000001c79101ede0 flushing nmethod 0x000001c738040990
Event: 330.985 Thread 0x000001c79101ede0 flushing nmethod 0x000001c738052890
Event: 330.985 Thread 0x000001c79101ede0 flushing nmethod 0x000001c738053510
Event: 330.985 Thread 0x000001c79101ede0 flushing nmethod 0x000001c738062510
Event: 330.985 Thread 0x000001c79101ede0 flushing nmethod 0x000001c7380a4690
Event: 330.985 Thread 0x000001c79101ede0 flushing nmethod 0x000001c7380b9810


Dynamic libraries:
0x00007ff61d940000 - 0x00007ff61d950000 	C:\Program Files\Java\jdk-17\bin\java.exe
0x00007ff843700000 - 0x00007ff843963000 	C:\windows\SYSTEM32\ntdll.dll
0x00007ff8426b0000 - 0x00007ff842777000 	C:\windows\System32\KERNEL32.DLL
0x00007ff840aa0000 - 0x00007ff840e67000 	C:\windows\System32\KERNELBASE.dll
0x00007ff841130000 - 0x00007ff84127c000 	C:\windows\System32\ucrtbase.dll
0x00007fffea990000 - 0x00007fffea9a9000 	C:\Program Files\Java\jdk-17\bin\jli.dll
0x00007fffea3d0000 - 0x00007fffea3eb000 	C:\Program Files\Java\jdk-17\bin\VCRUNTIME140.dll
0x00007ff842b30000 - 0x00007ff842be4000 	C:\windows\System32\ADVAPI32.dll
0x00007ff842380000 - 0x00007ff842429000 	C:\windows\System32\msvcrt.dll
0x00007ff842d00000 - 0x00007ff842da6000 	C:\windows\System32\sechost.dll
0x00007ff842590000 - 0x00007ff8426a6000 	C:\windows\System32\RPCRT4.dll
0x00007ff841580000 - 0x00007ff841749000 	C:\windows\System32\USER32.dll
0x00007ff840fa0000 - 0x00007ff840fc7000 	C:\windows\System32\win32u.dll
0x00007ff843680000 - 0x00007ff8436aa000 	C:\windows\System32\GDI32.dll
0x00007ff80fd10000 - 0x00007ff80ffa0000 	C:\windows\WinSxS\amd64_microsoft.windows.common-controls_6595b64144ccf1df_6.0.26100.3037_none_3e09262ce333c378\COMCTL32.dll
0x00007ff840e70000 - 0x00007ff840f9b000 	C:\windows\System32\gdi32full.dll
0x00007ff841280000 - 0x00007ff841323000 	C:\windows\System32\msvcp_win.dll
0x00007ff82cdb0000 - 0x00007ff82cdbb000 	C:\windows\SYSTEM32\VERSION.dll
0x00007ff841540000 - 0x00007ff84156f000 	C:\windows\System32\IMM32.DLL
0x00007ff835260000 - 0x00007ff83526c000 	C:\Program Files\Java\jdk-17\bin\vcruntime140_1.dll
0x00007fffe4590000 - 0x00007fffe461e000 	C:\Program Files\Java\jdk-17\bin\msvcp140.dll
0x00007fff82560000 - 0x00007fff83140000 	C:\Program Files\Java\jdk-17\bin\server\jvm.dll
0x00007ff8428c0000 - 0x00007ff8428c8000 	C:\windows\System32\PSAPI.DLL
0x00007ff817370000 - 0x00007ff81737a000 	C:\windows\SYSTEM32\WSOCK32.dll
0x00007ff842900000 - 0x00007ff842974000 	C:\windows\System32\WS2_32.dll
0x00007ff83c6f0000 - 0x00007ff83c726000 	C:\windows\SYSTEM32\WINMM.dll
0x00007ff83f8b0000 - 0x00007ff83f8ca000 	C:\windows\SYSTEM32\kernel.appcore.dll
0x00007ffff7fa0000 - 0x00007ffff7faa000 	C:\Program Files\Java\jdk-17\bin\jimage.dll
0x00007ff83e1a0000 - 0x00007ff83e3e1000 	C:\windows\SYSTEM32\DBGHELP.DLL
0x00007ff8432f0000 - 0x00007ff84366e000 	C:\windows\System32\combase.dll
0x00007ff8424b0000 - 0x00007ff842586000 	C:\windows\System32\OLEAUT32.dll
0x00007ff81a680000 - 0x00007ff81a6b9000 	C:\windows\SYSTEM32\dbgcore.DLL
0x00007ff841090000 - 0x00007ff841129000 	C:\windows\System32\bcryptPrimitives.dll
0x00007fffeb000000 - 0x00007fffeb00e000 	C:\Program Files\Java\jdk-17\bin\instrument.dll
0x00007fffe8d40000 - 0x00007fffe8d65000 	C:\Program Files\Java\jdk-17\bin\java.dll
0x00007fffc3970000 - 0x00007fffc3a47000 	C:\Program Files\Java\jdk-17\bin\jsvml.dll
0x00007ff841c70000 - 0x00007ff842374000 	C:\windows\System32\SHELL32.dll
0x00007ff83e770000 - 0x00007ff83efa7000 	C:\windows\SYSTEM32\windows.storage.dll
0x00007ff8427d0000 - 0x00007ff8428b9000 	C:\windows\System32\SHCORE.dll
0x00007ff841c10000 - 0x00007ff841c6d000 	C:\windows\System32\shlwapi.dll
0x00007ff8409b0000 - 0x00007ff8409de000 	C:\windows\SYSTEM32\profapi.dll
0x00007fffe6900000 - 0x00007fffe6918000 	C:\Program Files\Java\jdk-17\bin\zip.dll
0x00007fffe7de0000 - 0x00007fffe7df9000 	C:\Program Files\Java\jdk-17\bin\net.dll
0x00007ff83b660000 - 0x00007ff83b77e000 	C:\windows\SYSTEM32\WINHTTP.dll
0x00007ff83fde0000 - 0x00007ff83fe4a000 	C:\windows\system32\mswsock.dll
0x00007fffe7dc0000 - 0x00007fffe7dd6000 	C:\Program Files\Java\jdk-17\bin\nio.dll
0x00007ff83f300000 - 0x00007ff83f425000 	C:\windows\SYSTEM32\DNSAPI.dll
0x00007ff83f2c0000 - 0x00007ff83f2f2000 	C:\windows\SYSTEM32\IPHLPAPI.DLL
0x00007ff842cf0000 - 0x00007ff842cfa000 	C:\windows\System32\NSI.dll
0x00007ff83b2b0000 - 0x00007ff83b2bb000 	C:\Windows\System32\rasadhlp.dll
0x00007ff83bb10000 - 0x00007ff83bb95000 	C:\windows\System32\fwpuclnt.dll
0x00007ff83bac0000 - 0x00007ff83badf000 	C:\windows\SYSTEM32\dhcpcsvc6.DLL
0x00007ff83ba50000 - 0x00007ff83ba75000 	C:\windows\SYSTEM32\dhcpcsvc.DLL
0x00007fffeb570000 - 0x00007fffeb57e000 	C:\Program Files\Java\jdk-17\bin\sunmscapi.dll
0x00007ff8413c0000 - 0x00007ff841536000 	C:\windows\System32\CRYPT32.dll
0x00007ff840280000 - 0x00007ff8402b0000 	C:\windows\SYSTEM32\ncrypt.dll
0x00007ff840230000 - 0x00007ff84026f000 	C:\windows\SYSTEM32\NTASN1.dll
0x00007ff840090000 - 0x00007ff8400ac000 	C:\windows\SYSTEM32\CRYPTSP.dll
0x00007ff83f810000 - 0x00007ff83f848000 	C:\windows\system32\rsaenh.dll
0x00007ff83fe80000 - 0x00007ff83feab000 	C:\windows\SYSTEM32\USERENV.dll
0x00007ff8402c0000 - 0x00007ff8402e6000 	C:\windows\SYSTEM32\bcrypt.dll
0x00007ff840080000 - 0x00007ff84008c000 	C:\windows\SYSTEM32\CRYPTBASE.dll
0x00007ffff26a0000 - 0x00007ffff26aa000 	C:\Program Files\Java\jdk-17\bin\management.dll
0x00007ffff1c60000 - 0x00007ffff1c6b000 	C:\Program Files\Java\jdk-17\bin\management_ext.dll
0x00007ffff1b50000 - 0x00007ffff1b60000 	C:\Program Files\Java\jdk-17\bin\verify.dll
0x00007ff80a410000 - 0x00007ff80a418000 	C:\windows\system32\wshunix.dll

dbghelp: loaded successfully - version: 4.0.5 - missing functions: none
symbol engine: initialized successfully - sym options: 0x614 - pdb path: .;C:\Program Files\Java\jdk-17\bin;C:\windows\SYSTEM32;C:\windows\WinSxS\amd64_microsoft.windows.common-controls_6595b64144ccf1df_6.0.26100.3037_none_3e09262ce333c378;C:\Program Files\Java\jdk-17\bin\server

VM Arguments:
jvm_args: -javaagent:C:\Program Files\JetBrains\IntelliJ IDEA Community Edition 2024.3.1\lib\idea_rt.jar=54394 -Dfile.encoding=UTF-8 
java_command: com.gogo.payment_service.PaymentServiceApplication
java_class_path (initial): C:\Users\gorgu\OneDrive\Documents\projetJava\microservices\gestion-stock\payment-service\target\classes;C:\Users\gorgu\.m2\repository\org\springframework\boot\spring-boot-starter-data-jpa\3.4.1\spring-boot-starter-data-jpa-3.4.1.jar;C:\Users\gorgu\.m2\repository\org\springframework\boot\spring-boot-starter\3.4.1\spring-boot-starter-3.4.1.jar;C:\Users\gorgu\.m2\repository\org\springframework\boot\spring-boot\3.4.1\spring-boot-3.4.1.jar;C:\Users\gorgu\.m2\repository\org\springframework\boot\spring-boot-autoconfigure\3.4.1\spring-boot-autoconfigure-3.4.1.jar;C:\Users\gorgu\.m2\repository\org\springframework\boot\spring-boot-starter-logging\3.4.1\spring-boot-starter-logging-3.4.1.jar;C:\Users\gorgu\.m2\repository\org\apache\logging\log4j\log4j-to-slf4j\2.24.3\log4j-to-slf4j-2.24.3.jar;C:\Users\gorgu\.m2\repository\org\apache\logging\log4j\log4j-api\2.24.3\log4j-api-2.24.3.jar;C:\Users\gorgu\.m2\repository\org\slf4j\jul-to-slf4j\2.0.16\jul-to-slf4j-2.0.16.jar;C:\Users\gorgu\.m2\repository\jakarta\annotation\jakarta.annotation-api\2.1.1\jakarta.annotation-api-2.1.1.jar;C:\Users\gorgu\.m2\repository\org\yaml\snakeyaml\2.3\snakeyaml-2.3.jar;C:\Users\gorgu\.m2\repository\org\springframework\boot\spring-boot-starter-jdbc\3.4.1\spring-boot-starter-jdbc-3.4.1.jar;C:\Users\gorgu\.m2\repository\com\zaxxer\HikariCP\5.1.0\HikariCP-5.1.0.jar;C:\Users\gorgu\.m2\repository\org\springframework\spring-jdbc\6.2.1\spring-jdbc-6.2.1.jar;C:\Users\gorgu\.m2\repository\org\hibernate\orm\hibernate-core\6.6.4.Final\hibernate-core-6.6.4.Final.jar;C:\Users\gorgu\.m2\repository\jakarta\persistence\jakarta.persistence-api\3.1.0\jakarta.persistence-api-3.1.0.jar;C:\Users\gorgu\.m2\repository\jakarta\transaction\jakarta.transaction-api\2.0.1\jakarta.transaction-api-2.0.1.jar;C:\Users\gorgu\.m2\repository\org\jboss\logging\jboss-logging\3.6.1.Final\jboss-logging-3.6.1.Final.jar;C:\Users\gorgu\.m2\repository\org\hibernate\common\hibernate-commons-annotations\7.0.3.Final\hib
Launcher Type: SUN_STANDARD

[Global flags]
     intx CICompilerCount                          = 4                                         {product} {ergonomic}
     uint ConcGCThreads                            = 3                                         {product} {ergonomic}
     uint G1ConcRefinementThreads                  = 10                                        {product} {ergonomic}
   size_t G1HeapRegionSize                         = 2097152                                   {product} {ergonomic}
    uintx GCDrainStackTargetSize                   = 64                                        {product} {ergonomic}
   size_t InitialHeapSize                          = 264241152                                 {product} {ergonomic}
   size_t MarkStackSize                            = 4194304                                   {product} {ergonomic}
   size_t MaxHeapSize                              = 4202692608                                {product} {ergonomic}
   size_t MaxNewSize                               = 2520776704                                {product} {ergonomic}
   size_t MinHeapDeltaBytes                        = 2097152                                   {product} {ergonomic}
   size_t MinHeapSize                              = 8388608                                   {product} {ergonomic}
    uintx NonNMethodCodeHeapSize                   = 5839372                                {pd product} {ergonomic}
    uintx NonProfiledCodeHeapSize                  = 122909434                              {pd product} {ergonomic}
    uintx ProfiledCodeHeapSize                     = 122909434                              {pd product} {ergonomic}
    uintx ReservedCodeCacheSize                    = 251658240                              {pd product} {ergonomic}
     bool SegmentedCodeCache                       = true                                      {product} {ergonomic}
   size_t SoftMaxHeapSize                          = 4202692608                             {manageable} {ergonomic}
     bool UseCompressedClassPointers               = true                           {product lp64_product} {ergonomic}
     bool UseCompressedOops                        = true                           {product lp64_product} {ergonomic}
     bool UseG1GC                                  = true                                      {product} {ergonomic}
     bool UseLargePagesIndividualAllocation        = false                                  {pd product} {ergonomic}

Logging:
Log output configuration:
 #0: stdout all=warning uptime,level,tags
 #1: stderr all=off uptime,level,tags

Environment Variables:
PATH=C:\app\gorgu\product\21c\dbhomeXE\bin;C:\Python312\Scripts\;C:\Python312\;C:\Program Files\Common Files\Oracle\Java\javapath;C:\windows\system32;C:\windows;C:\windows\System32\Wbem;C:\windows\System32\WindowsPowerShell\v1.0\;C:\windows\System32\OpenSSH\;C:\Program Files\Microsoft SQL Server\150\Tools\Binn\;C:\Program Files\Microsoft SQL Server\Client SDK\ODBC\170\Tools\Binn\;C:\Program Files\dotnet\;C:\Program Files (x86)\Windows Kits\10\Windows Performance Toolkit\;C:\Program Files\Git\cmd;C:\Program Files\PuTTY\;C:\Program Files\nodejs\;C:\ProgramData\chocolatey\bin;C:\Program Files\Docker\Docker\resources\bin;C:\apache-maven-3.8.1\bin;C:\Program Files\Java\jdk-17\bin;C:\Users\gorgu\AppData\Local\Microsoft\WindowsApps;C:\Program Files\JetBrains\IntelliJ IDEA Community Edition 2024.3.1\bin;;C:\Users\gorgu\AppData\Local\Programs\Microsoft VS Code\bin;C:\Users\gorgu\.dotnet\tools;C:\Users\gorgu\AppData\Roaming\npm;C:\apache-maven-3.8.1\bin;C:\Program Files\Java\jdk-17\bin;
USERNAME=gorgu
OS=Windows_NT
PROCESSOR_IDENTIFIER=Intel64 Family 6 Model 154 Stepping 4, GenuineIntel



---------------  S Y S T E M  ---------------

OS:
 Windows 11 , 64 bit Build 26100 (10.0.26100.3037)
OS uptime: 19 days 22:46 hours
Hyper-V role detected

CPU: total 12 (initial active 12) (6 cores per cpu, 2 threads per core) family 6 model 154 stepping 4 microcode 0x434, cx8, cmov, fxsr, ht, mmx, 3dnowpref, sse, sse2, sse3, ssse3, sse4.1, sse4.2, popcnt, lzcnt, tsc, tscinvbit, avx, avx2, aes, erms, clmul, bmi1, bmi2, adx, sha, fma, vzeroupper, clflush, clflushopt, clwb, hv

Memory: 4k page, system-wide physical 16027M (905M free)
TotalPageFile size 65179M (AvailPageFile size 6M)
current process WorkingSet (physical memory assigned to process): 244M, peak: 414M
current process commit charge ("private bytes"): 718M, peak: 760M

vm_info: Java HotSpot(TM) 64-Bit Server VM (17.0.12+8-LTS-286) for windows-amd64 JRE (17.0.12+8-LTS-286), built on Jun  5 2024 06:46:59 by "mach5one" with MS VC++ 17.6 (VS2022)

END.
